

Version:	3.12
CmdLine:	C:\Users\harri\Desktop\Miscelanea\SistemaFacturación.exe --l4j-debug
WOW64:		yes
Working dir:	C:\Users\harri\Desktop\Miscelanea\.
Java min ver:	
Java max ver:	
Bundled JRE:	C:\Program Files\Java\jdk1.8.0_111\jre
Check launcher:	C:\Program Files\Java\jdk1.8.0_111\jre\bin\javaw.exe (OK)
Launcher:	C:\Program Files\Java\jdk1.8.0_111\jre\bin\javaw.exe
Launcher args:	-jar "C:\Users\harri\Desktop\Miscelanea\SistemaFacturación.exe"
Args length:	63/32768 chars
Exit code:	0


Version:	3.12
CmdLine:	C:\Users\harri\Desktop\Miscelanea\SistemaFacturacion.exe --l4j-debug
WOW64:		yes
Working dir:	C:\Users\harri\Desktop\Miscelanea\.
Java min ver:	
Java max ver:	
Bundled JRE:	C:\Program Files\Java\jdk1.8.0_111\jre
Check launcher:	C:\Program Files\Java\jdk1.8.0_111\jre\bin\javaw.exe (OK)
Launcher:	C:\Program Files\Java\jdk1.8.0_111\jre\bin\javaw.exe
Launcher args:	-jar "C:\Users\harri\Desktop\Miscelanea\SistemaFacturacion.exe"
Args length:	63/32768 chars
Exit code:	0


Version:	3.12
CmdLine:	C:\Users\harri\Desktop\Miscelanea\SistemaFacturacion.exe --l4j-debug
WOW64:		yes
Working dir:	C:\Users\harri\Desktop\Miscelanea\.
Java min ver:	
Java max ver:	
Bundled JRE:	C:\Program Files\Java\jdk1.8.0_111\jre
Check launcher:	C:\Program Files\Java\jdk1.8.0_111\jre\bin\javaw.exe (OK)
Launcher:	C:\Program Files\Java\jdk1.8.0_111\jre\bin\javaw.exe
Launcher args:	-jar "C:\Users\harri\Desktop\Miscelanea\SistemaFacturacion.exe"
Args length:	63/32768 chars
Exit code:	0
